<?xml version="1.0" encoding="UTF-8"?>
<!-- Generated by org.testng.reporters.JUnitReportReporter -->
<testsuite hostname="TYSS-Priyatharsan_D" failures="0" tests="1" name="com.testng.TestNGAttributes.OpenWebsitesTest" time="48.648" errors="0" timestamp="2025-02-05T15:23:01 IST" skipped="0">
  <testcase classname="com.testng.TestNGAttributes.OpenWebsitesTest" name="udemy" time="48.648"/>
  <system-out/>
</testsuite> <!-- com.testng.TestNGAttributes.OpenWebsitesTest -->
