<?xml version="1.0" encoding="UTF-8"?>
<!-- Generated by org.testng.reporters.JUnitReportReporter -->
<testsuite hostname="TYSS-Priyatharsan_D" failures="0" tests="1" name="com.testng.extendReport.ReportGeneration" time="38.467" errors="0" timestamp="2025-02-06T13:37:44 IST" skipped="0">
  <testcase classname="com.testng.extendReport.ReportGeneration" name="searchCourseTest" time="38.467"/>
  <system-out/>
</testsuite> <!-- com.testng.extendReport.ReportGeneration -->
