<?xml version="1.0" encoding="UTF-8"?>
<!-- Generated by org.testng.reporters.JUnitReportReporter -->
<testsuite hostname="TYSS-Priyatharsan_D" failures="0" tests="6" name="com.testng.ConfigurationAnnotation.SampleTest1" time="0.018" errors="0" timestamp="2025-02-05T16:25:49 IST" skipped="0">
  <testcase classname="com.testng.ConfigurationAnnotation.SampleTest1" name="test2" time="0.002"/>
  <system-out/>
  <testcase classname="com.testng.ConfigurationAnnotation.SampleTest1" name="test1" time="0.007"/>
  <system-out/>
  <testcase classname="com.testng.ConfigurationAnnotation.SampleTest1" name="test1" time="0.004"/>
  <system-out/>
  <testcase classname="com.testng.ConfigurationAnnotation.SampleTest1" name="test2" time="0.003"/>
  <system-out/>
  <testcase classname="com.testng.ConfigurationAnnotation.SampleTest1" name="test3" time="0.001"/>
  <system-out/>
  <testcase classname="com.testng.ConfigurationAnnotation.SampleTest1" name="test3" time="0.001"/>
  <system-out/>
</testsuite> <!-- com.testng.ConfigurationAnnotation.SampleTest1 -->
