<?xml version="1.0" encoding="UTF-8"?>
<!-- Generated by org.testng.reporters.JUnitReportReporter -->
<testsuite hostname="TYSS-Priyatharsan_D" failures="0" tests="1" name="com.testng.ConfigurationAnnotation.SampleTest3" time="0.001" errors="0" timestamp="2025-02-05T16:25:49 IST" skipped="0">
  <testcase classname="com.testng.ConfigurationAnnotation.SampleTest3" name="test1" time="0.001"/>
  <system-out/>
</testsuite> <!-- com.testng.ConfigurationAnnotation.SampleTest3 -->
