<?xml version="1.0" encoding="UTF-8"?>
<!-- Generated by org.testng.reporters.JUnitReportReporter -->
<testsuite hostname="TYSS-Priyatharsan_D" failures="0" tests="2" name="com.testng.distributedParallelExecution.OpenRedbusTest" time="20.664" errors="0" timestamp="2025-02-05T16:12:55 IST" skipped="0">
  <testcase classname="com.testng.distributedParallelExecution.OpenRedbusTest" name="open" time="8.430"/>
  <system-out/>
  <testcase classname="com.testng.distributedParallelExecution.OpenRedbusTest" name="open" time="12.234"/>
  <system-out/>
</testsuite> <!-- com.testng.distributedParallelExecution.OpenRedbusTest -->
