<?xml version="1.0" encoding="UTF-8"?>
<!-- Generated by org.testng.reporters.JUnitReportReporter -->
<testsuite hostname="TYSS-Priyatharsan_D" failures="0" tests="1" name="com.testng.batchExecution.OpenAmazonTest" time="0.610" errors="0" timestamp="2025-02-06T17:31:19 IST" skipped="0">
  <testcase classname="com.testng.batchExecution.OpenAmazonTest" name="readFile" time="0.610"/>
  <system-out/>
</testsuite> <!-- com.testng.batchExecution.OpenAmazonTest -->
