<?xml version="1.0" encoding="UTF-8"?>
<!-- Generated by org.testng.reporters.JUnitReportReporter -->
<testsuite hostname="TYSS-Priyatharsan_D" failures="0" tests="2" name="com.testng.groupExecution.OpenBookMyShowTest" time="66.500" errors="0" timestamp="2025-02-05T13:17:24 IST" skipped="0">
  <testcase classname="com.testng.groupExecution.OpenBookMyShowTest" name="test" time="33.770"/>
  <system-out/>
  <testcase classname="com.testng.groupExecution.OpenBookMyShowTest" name="test" time="32.730"/>
  <system-out/>
</testsuite> <!-- com.testng.groupExecution.OpenBookMyShowTest -->
