<?xml version="1.0" encoding="UTF-8"?>
<!-- Generated by org.testng.reporters.JUnitReportReporter -->
<testsuite hostname="TYSS-Priyatharsan_D" failures="0" tests="2" name="com.testng.groupExecution.OpenRedbusTest" time="9.861" errors="0" timestamp="2025-02-05T13:14:26 IST" skipped="0">
  <testcase classname="com.testng.groupExecution.OpenRedbusTest" name="open" time="5.140"/>
  <system-out/>
  <testcase classname="com.testng.groupExecution.OpenRedbusTest" name="open" time="4.721"/>
  <system-out/>
</testsuite> <!-- com.testng.groupExecution.OpenRedbusTest -->
