<?xml version="1.0" encoding="UTF-8"?>
<!-- Generated by org.testng.reporters.JUnitReportReporter -->
<testsuite hostname="TYSS-Priyatharsan_D" failures="0" tests="3" name="com.testng.groupExecution.OpenAmazonTest" time="14.374" errors="0" timestamp="2025-02-05T13:14:26 IST" skipped="0">
  <testcase classname="com.testng.groupExecution.OpenAmazonTest" name="test" time="4.713"/>
  <system-out/>
  <testcase classname="com.testng.groupExecution.OpenAmazonTest" name="test" time="4.423"/>
  <system-out/>
  <testcase classname="com.testng.groupExecution.OpenAmazonTest" name="open" time="5.238"/>
  <system-out/>
</testsuite> <!-- com.testng.groupExecution.OpenAmazonTest -->
