<?xml version="1.0" encoding="UTF-8"?>
<!-- Generated by org.testng.reporters.JUnitReportReporter -->
<testsuite hostname="TYSS-Priyatharsan_D" failures="0" tests="1" name="com.testng.batchExecution.OpenBookMyShowTest" time="32.898" errors="0" timestamp="2025-02-05T12:39:49 IST" skipped="0">
  <testcase classname="com.testng.batchExecution.OpenBookMyShowTest" name="test" time="32.898"/>
  <system-out/>
</testsuite> <!-- com.testng.batchExecution.OpenBookMyShowTest -->
