<?xml version="1.0" encoding="UTF-8"?>
<!-- Generated by org.testng.reporters.JUnitReportReporter -->
<testsuite hostname="TYSS-Priyatharsan_D" failures="0" tests="5" name="com.testng.TestNGAttributes.InvocationCount" time="40.005" errors="0" timestamp="2025-02-05T15:32:46 IST" skipped="0">
  <testcase classname="com.testng.TestNGAttributes.InvocationCount" name="amazon" time="6.675"/>
  <system-out/>
  <testcase classname="com.testng.TestNGAttributes.InvocationCount" name="amazon" time="9.285"/>
  <system-out/>
  <testcase classname="com.testng.TestNGAttributes.InvocationCount" name="amazon" time="9.278"/>
  <system-out/>
  <testcase classname="com.testng.TestNGAttributes.InvocationCount" name="amazon" time="9.786"/>
  <system-out/>
  <testcase classname="com.testng.TestNGAttributes.InvocationCount" name="amazon" time="4.981"/>
  <system-out/>
</testsuite> <!-- com.testng.TestNGAttributes.InvocationCount -->
