<?xml version="1.0" encoding="UTF-8"?>
<!-- Generated by org.testng.reporters.JUnitReportReporter -->
<testsuite hostname="TYSS-Priyatharsan_D" failures="0" tests="4" name="com.testng.parallelExecution.OpenAmazonTest" time="30.933" errors="0" timestamp="2025-02-05T13:05:11 IST" skipped="0">
  <testcase classname="com.testng.parallelExecution.OpenAmazonTest" name="test" time="11.292"/>
  <system-out/>
  <testcase classname="com.testng.parallelExecution.OpenAmazonTest" name="test" time="4.791"/>
  <system-out/>
  <testcase classname="com.testng.parallelExecution.OpenAmazonTest" name="open" time="5.613"/>
  <system-out/>
  <testcase classname="com.testng.parallelExecution.OpenAmazonTest" name="open" time="9.237"/>
  <system-out/>
</testsuite> <!-- com.testng.parallelExecution.OpenAmazonTest -->
