<?xml version="1.0" encoding="UTF-8"?>
<!-- Generated by org.testng.reporters.JUnitReportReporter -->
<testsuite hostname="TYSS-Priyatharsan_D" failures="0" tests="2" name="com.testng.parallelExecution.OpenRedbusTest" time="17.333" errors="0" timestamp="2025-02-05T13:05:11 IST" skipped="0">
  <testcase classname="com.testng.parallelExecution.OpenRedbusTest" name="open" time="5.545"/>
  <system-out/>
  <testcase classname="com.testng.parallelExecution.OpenRedbusTest" name="open" time="11.788"/>
  <system-out/>
</testsuite> <!-- com.testng.parallelExecution.OpenRedbusTest -->
