<?xml version="1.0" encoding="UTF-8"?>
<!-- Generated by org.testng.reporters.JUnitReportReporter -->
<testsuite hostname="TYSS-Priyatharsan_D" failures="0" tests="2" name="com.testng.parallelExecution.OpenBookMyShowTest" time="69.521" errors="0" timestamp="2025-02-05T13:05:11 IST" skipped="0">
  <testcase classname="com.testng.parallelExecution.OpenBookMyShowTest" name="test" time="33.580"/>
  <system-out/>
  <testcase classname="com.testng.parallelExecution.OpenBookMyShowTest" name="test" time="35.941"/>
  <system-out/>
</testsuite> <!-- com.testng.parallelExecution.OpenBookMyShowTest -->
