<?xml version="1.0" encoding="UTF-8"?>
<!-- Generated by org.testng.reporters.JUnitReportReporter -->
<testsuite hostname="TYSS-Priyatharsan_D" failures="0" tests="4" name="com.testng.TestNGAttributes.DependsOnMethod" time="19.725" errors="0" timestamp="2025-02-05T15:27:49 IST" skipped="0">
  <testcase classname="com.testng.TestNGAttributes.DependsOnMethod" name="redbus" time="4.327"/>
  <system-out/>
  <testcase classname="com.testng.TestNGAttributes.DependsOnMethod" name="udemy" time="5.857"/>
  <system-out/>
  <testcase classname="com.testng.TestNGAttributes.DependsOnMethod" name="amazon" time="4.546"/>
  <system-out/>
  <testcase classname="com.testng.TestNGAttributes.DependsOnMethod" name="prime" time="4.995"/>
  <system-out/>
</testsuite> <!-- com.testng.TestNGAttributes.DependsOnMethod -->
